2023-04-04 18:01:45,877 loglevel=INFO 2023-04-04 18:01:45,877 main:42 31843 139790872654464 Got new message - {'entry': [{'id': '111856678437237',
            'messaging': [{'message': {'mid': 'm_6KoaZ8R_msfNSc8ejUeuyKBAAsfvmOLuhonWr5yq3g98Zg_0U6YN43cRAdVdLF686uBpms_RR5dv3kKgJN5CZg',
                                       'nlp': {'detected_locales': [{'confidence': 0.9995,
                                                                     'locale': 'en_XX'}],
                                               'entities': {},
                                               'intents': [],
                                               'traits': {'wit$sentiment': [{'confidence': 0.7805,
                                                                             'id': '5ac2b50a-44e4-466e-9d49-bad6bd40092c',
                                                                             'value': 'neutral'}]}},
                                       'text': 'Test sending message to '
                                               'facebook'},
                           'recipient': {'id': '111856678437237'},
                           'sender': {'id': '5730633197058200'},
                           'timestamp': 1680620505117}],
            'time': 1680620505451}],
 'object': 'page'}
2023-04-04 18:02:13,891 loglevel=INFO 2023-04-04 18:02:13,891 main:42 31843 139790872654464 Got new message - {'entry': [{'id': '111856678437237',
            'messaging': [{'message': {'mid': 'm_Hz7U2kCQr7ICmNQ4TV3ljaBAAsfvmOLuhonWr5yq3g94H3YeNPpqalE5ev4kziQ4HcxWL91K49g6W07m_Stc2A',
                                       'nlp': {'detected_locales': [{'confidence': 1,
                                                                     'locale': 'en_XX'}],
                                               'entities': {},
                                               'intents': [],
                                               'traits': {'wit$sentiment': [{'confidence': 0.7494,
                                                                             'id': '5ac2b50a-44e4-466e-9d49-bad6bd40092c',
                                                                             'value': 'neutral'}]}},
                                       'text': 'Test sending message to '
                                               'facebook with media'},
                           'recipient': {'id': '111856678437237'},
                           'sender': {'id': '5730633197058200'},
                           'timestamp': 1680620532893}],
            'time': 1680620533301}],
 'object': 'page'}
2023-04-04 18:02:18,807 loglevel=INFO 2023-04-04 18:02:18,807 main:42 31843 139790872654464 Got new message - {'entry': [{'id': '111856678437237',
            'messaging': [{'message': {'attachments': [{'payload': {'url': 'https://scontent.xx.fbcdn.net/v/t1.15752-9/338025185_5966027006829688_3138910996719233589_n.jpg?_nc_cat=109&ccb=1-7&_nc_sid=58c789&_nc_ohc=VsI9e5lCj0EAX_Lm-6I&_nc_ad=z-m&_nc_cid=0&_nc_ht=scontent.xx&oh=03_AdRbxGWWcEQOR7yzZrqB-DTFMC-OfjTV1-jNgYP_qGaDAw&oe=6453AA8D'},
                                                        'type': 'image'}],
                                       'mid': 'm_J-5pTn_N55jLSxlUfokt9aBAAsfvmOLuhonWr5yq3g9dzyg04IwIBYUMEadGTHrquuE6ynHh0vpVvpm5QyqkgQ'},
                           'recipient': {'id': '111856678437237'},
                           'sender': {'id': '5730633197058200'},
                           'timestamp': 1680620537458}],
            'time': 1680620538328}],
 'object': 'page'}
2023-04-05 17:01:49,231 loglevel=INFO 2023-04-05 17:01:49,231 main:42 240567 140386199372416 Got new message - {'entry': [{'id': '111856678437237',
            'messaging': [{'delivery': {'watermark': 1680702035667},
                           'recipient': {'id': '111856678437237'},
                           'sender': {'id': '5730633197058200'},
                           'timestamp': 1680703309036}],
            'time': 1680703308203}],
 'object': 'page'}
2023-04-05 17:01:50,705 loglevel=INFO 2023-04-05 17:01:50,705 main:42 240567 140386199372416 Got new message - {'entry': [{'id': '111856678437237',
            'messaging': [{'delivery': {'watermark': 1680702035667},
                           'recipient': {'id': '111856678437237'},
                           'sender': {'id': '5730633197058200'},
                           'timestamp': 1680703310216}],
            'time': 1680703310182}],
 'object': 'page'}
2023-04-05 17:04:24,496 loglevel=INFO 2023-04-05 17:04:24,496 main:42 240567 140386199372416 Got new message - {'entry': [{'id': '111856678437237',
            'messaging': [{'delivery': {'mids': ['m_hDeGEMqddcmYtKx9sSLibaBAAsfvmOLuhonWr5yq3g9jPKIxsUKikviA6xABQIZ5o-yZdY2SdvHetd0q4fpscA'],
                                        'watermark': 1680703463763},
                           'recipient': {'id': '111856678437237'},
                           'sender': {'id': '5730633197058200'},
                           'timestamp': 1680703464101}],
            'time': 1680703464047}],
 'object': 'page'}
2023-04-05 17:04:24,635 loglevel=INFO 2023-04-05 17:04:24,635 main:42 240567 140386199372416 Got new message - {'entry': [{'id': '111856678437237',
            'messaging': [{'delivery': {'mids': ['m_hDeGEMqddcmYtKx9sSLibaBAAsfvmOLuhonWr5yq3g9jPKIxsUKikviA6xABQIZ5o-yZdY2SdvHetd0q4fpscA'],
                                        'watermark': 1680703463763},
                           'recipient': {'id': '111856678437237'},
                           'sender': {'id': '5730633197058200'},
                           'timestamp': 1680703464233}],
            'time': 1680703464200}],
 'object': 'page'}
2023-04-05 17:04:24,903 loglevel=INFO 2023-04-05 17:04:24,903 main:42 240567 140386199372416 Got new message - {'entry': [{'id': '111856678437237',
            'messaging': [{'delivery': {'mids': ['m_hDeGEMqddcmYtKx9sSLibaBAAsfvmOLuhonWr5yq3g9jPKIxsUKikviA6xABQIZ5o-yZdY2SdvHetd0q4fpscA'],
                                        'watermark': 1680703463763},
                           'recipient': {'id': '111856678437237'},
                           'sender': {'id': '5730633197058200'},
                           'timestamp': 1680703464695}],
            'time': 1680703464536}],
 'object': 'page'}
2023-04-05 17:04:41,060 loglevel=INFO 2023-04-05 17:04:41,060 main:42 240567 140386199372416 Got new message - {'entry': [{'id': '111856678437237',
            'messaging': [{'delivery': {'mids': ['m_ecT9NkOTtj23DaDI9AgmcKBAAsfvmOLuhonWr5yq3g8m_i1Z27pfV9-XtuEs1w-GZfeor-JWYU4gt6YaoBSGLA'],
                                        'watermark': 1680703480400},
                           'recipient': {'id': '111856678437237'},
                           'sender': {'id': '5730633197058200'},
                           'timestamp': 1680703480637}],
            'time': 1680703480597}],
 'object': 'page'}
2023-04-05 17:04:41,638 loglevel=INFO 2023-04-05 17:04:41,638 main:42 240567 140386199372416 Got new message - {'entry': [{'id': '111856678437237',
            'messaging': [{'delivery': {'mids': ['m_ecT9NkOTtj23DaDI9AgmcKBAAsfvmOLuhonWr5yq3g8m_i1Z27pfV9-XtuEs1w-GZfeor-JWYU4gt6YaoBSGLA'],
                                        'watermark': 1680703480400},
                           'recipient': {'id': '111856678437237'},
                           'sender': {'id': '5730633197058200'},
                           'timestamp': 1680703481239}],
            'time': 1680703481187}],
 'object': 'page'}
2023-04-05 17:04:41,714 loglevel=INFO 2023-04-05 17:04:41,714 main:42 240567 140386199372416 Got new message - {'entry': [{'id': '111856678437237',
            'messaging': [{'delivery': {'mids': ['m_ecT9NkOTtj23DaDI9AgmcKBAAsfvmOLuhonWr5yq3g8m_i1Z27pfV9-XtuEs1w-GZfeor-JWYU4gt6YaoBSGLA'],
                                        'watermark': 1680703480400},
                           'recipient': {'id': '111856678437237'},
                           'sender': {'id': '5730633197058200'},
                           'timestamp': 1680703481535}],
            'time': 1680703481375}],
 'object': 'page'}
2023-04-05 17:06:20,496 loglevel=INFO 2023-04-05 17:06:20,496 main:42 240567 140386199372416 Got new message - {'entry': [{'id': '111856678437237',
            'messaging': [{'delivery': {'mids': ['m_4v7PNFkOQIWub_EZilHNJ6BAAsfvmOLuhonWr5yq3g97XgBJhqpa7xvhCMv5Br0KZBmB6g0igA8pxaWmWgkYJQ'],
                                        'watermark': 1680703579750},
                           'recipient': {'id': '111856678437237'},
                           'sender': {'id': '5730633197058200'},
                           'timestamp': 1680703580084}],
            'time': 1680703579978}],
 'object': 'page'}
2023-04-05 17:06:21,211 loglevel=INFO 2023-04-05 17:06:21,211 main:42 240567 140386199372416 Got new message - {'entry': [{'id': '111856678437237',
            'messaging': [{'delivery': {'mids': ['m_4v7PNFkOQIWub_EZilHNJ6BAAsfvmOLuhonWr5yq3g97XgBJhqpa7xvhCMv5Br0KZBmB6g0igA8pxaWmWgkYJQ'],
                                        'watermark': 1680703579750},
                           'recipient': {'id': '111856678437237'},
                           'sender': {'id': '5730633197058200'},
                           'timestamp': 1680703581003}],
            'time': 1680703580864}],
 'object': 'page'}
2023-04-05 17:06:26,379 loglevel=INFO 2023-04-05 17:06:26,379 main:42 240567 140386199372416 Got new message - {'entry': [{'id': '111856678437237',
            'messaging': [{'delivery': {'mids': ['m_4v7PNFkOQIWub_EZilHNJ6BAAsfvmOLuhonWr5yq3g97XgBJhqpa7xvhCMv5Br0KZBmB6g0igA8pxaWmWgkYJQ'],
                                        'watermark': 1680703579750},
                           'recipient': {'id': '111856678437237'},
                           'sender': {'id': '5730633197058200'},
                           'timestamp': 1680703585986}],
            'time': 1680703585948}],
 'object': 'page'}
2023-04-05 17:07:03,853 loglevel=INFO 2023-04-05 17:07:03,853 main:42 240567 140386199372416 Got new message - {'entry': [{'id': '111856678437237',
            'messaging': [{'delivery': {'mids': ['m_R7hJnQACN57iQnSwP4T2cqBAAsfvmOLuhonWr5yq3g84GI2Pv5nw4-EVdCYNmjTauUjLCulAvEH5Mc07DbZiCw'],
                                        'watermark': 1680703623174},
                           'recipient': {'id': '111856678437237'},
                           'sender': {'id': '5730633197058200'},
                           'timestamp': 1680703623453}],
            'time': 1680703623422}],
 'object': 'page'}
2023-04-05 17:07:04,623 loglevel=INFO 2023-04-05 17:07:04,623 main:42 240567 140386199372416 Got new message - {'entry': [{'id': '111856678437237',
            'messaging': [{'delivery': {'mids': ['m_R7hJnQACN57iQnSwP4T2cqBAAsfvmOLuhonWr5yq3g84GI2Pv5nw4-EVdCYNmjTauUjLCulAvEH5Mc07DbZiCw'],
                                        'watermark': 1680703623174},
                           'recipient': {'id': '111856678437237'},
                           'sender': {'id': '5730633197058200'},
                           'timestamp': 1680703624394}],
            'time': 1680703624219}],
 'object': 'page'}
2023-04-05 17:07:05,310 loglevel=INFO 2023-04-05 17:07:05,310 main:42 240567 140386199372416 Got new message - {'entry': [{'id': '111856678437237',
            'messaging': [{'delivery': {'mids': ['m_R7hJnQACN57iQnSwP4T2cqBAAsfvmOLuhonWr5yq3g84GI2Pv5nw4-EVdCYNmjTauUjLCulAvEH5Mc07DbZiCw'],
                                        'watermark': 1680703623174},
                           'recipient': {'id': '111856678437237'},
                           'sender': {'id': '5730633197058200'},
                           'timestamp': 1680703624869}],
            'time': 1680703624783}],
 'object': 'page'}
2023-04-05 17:29:49,682 loglevel=INFO 2023-04-05 17:29:49,682 main:42 253657 139946563584640 Got new message - {'entry': [{'id': '111856678437237',
            'messaging': [{'delivery': {'mids': ['m_gA4GXbeVe3sI0OqJ8GCZFaBAAsfvmOLuhonWr5yq3g81Zv9gJSTx2JAvFziqo3iknbAgqixLzZBTLGr12NlE-g'],
                                        'watermark': 1680704988489},
                           'recipient': {'id': '111856678437237'},
                           'sender': {'id': '5730633197058200'},
                           'timestamp': 1680704989456}],
            'time': 1680704989307}],
 'object': 'page'}
2023-04-05 17:29:49,810 loglevel=INFO 2023-04-05 17:29:49,810 main:42 253657 139946563584640 Got new message - {'entry': [{'id': '111856678437237',
            'messaging': [{'delivery': {'mids': ['m_gA4GXbeVe3sI0OqJ8GCZFaBAAsfvmOLuhonWr5yq3g81Zv9gJSTx2JAvFziqo3iknbAgqixLzZBTLGr12NlE-g'],
                                        'watermark': 1680704988489},
                           'recipient': {'id': '111856678437237'},
                           'sender': {'id': '5730633197058200'},
                           'timestamp': 1680704989410}],
            'time': 1680704989375}],
 'object': 'page'}
2023-04-06 11:41:30,639 loglevel=INFO 2023-04-06 11:41:30,639 main:42 82652 139639759651456 Got new message - {'entry': [{'id': '111856678437237',
            'messaging': [{'delivery': {'mids': ['m_cOmgX5J8Wwaiuspqwhht-6BAAsfvmOLuhonWr5yq3g9KQ-VxX7XJleXndSLQBxPepMdMkf4OogTaWelRrHC3fQ'],
                                        'watermark': 1680770488588},
                           'recipient': {'id': '111856678437237'},
                           'sender': {'id': '5730633197058200'},
                           'timestamp': 1680770490250}],
            'time': 1680770490217}],
 'object': 'page'}
2023-04-06 11:41:30,989 loglevel=INFO 2023-04-06 11:41:30,989 main:42 82652 139639759651456 Got new message - {'entry': [{'id': '111856678437237',
            'messaging': [{'delivery': {'mids': ['m_cOmgX5J8Wwaiuspqwhht-6BAAsfvmOLuhonWr5yq3g9KQ-VxX7XJleXndSLQBxPepMdMkf4OogTaWelRrHC3fQ'],
                                        'watermark': 1680770488588},
                           'recipient': {'id': '111856678437237'},
                           'sender': {'id': '5730633197058200'},
                           'timestamp': 1680770490595}],
            'time': 1680770490564}],
 'object': 'page'}
2023-04-06 12:25:17,504 loglevel=INFO 2023-04-06 12:25:17,504 main:42 82652 139639759651456 Got new message - {'entry': [{'id': '111856678437237',
            'messaging': [{'delivery': {'watermark': 1680770488588},
                           'recipient': {'id': '111856678437237'},
                           'sender': {'id': '5730633197058200'},
                           'timestamp': 1680773117112}],
            'time': 1680773116434}],
 'object': 'page'}
2023-04-06 12:25:21,483 loglevel=INFO 2023-04-06 12:25:21,483 main:42 82652 139639759651456 Got new message - {'entry': [{'id': '111856678437237',
            'messaging': [{'postback': {'mid': 'm_-mbxBxHUPTx9Kxn1pevaqqBAAsfvmOLuhonWr5yq3g9taXtEyxa0oFKxPuV38FbZ0S68iEaPbTi1H8ROOYgO_w',
                                        'payload': 'TRACK_ORDER',
                                        'title': 'Order updates'},
                           'recipient': {'id': '111856678437237'},
                           'sender': {'id': '5730633197058200'},
                           'timestamp': 1680773120597}],
            'time': 1680773121011}],
 'object': 'page'}
2023-04-06 12:25:27,459 loglevel=INFO 2023-04-06 12:25:27,459 main:42 82652 139639759651456 Got new message - {'entry': [{'id': '111856678437237',
            'messaging': [{'postback': {'mid': 'm_pcbdWOyrDAhrrcMs8Licj6BAAsfvmOLuhonWr5yq3g9OkgrsTZRRW5Mk4Z93EEyQnUP6MC_rr6f7IoUwT3ndFQ',
                                        'payload': 'CARE_HELP',
                                        'title': 'Talk to an agent'},
                           'recipient': {'id': '111856678437237'},
                           'sender': {'id': '5730633197058200'},
                           'timestamp': 1680773126687}],
            'time': 1680773126989}],
 'object': 'page'}
2023-04-06 12:25:59,223 loglevel=INFO 2023-04-06 12:25:59,223 main:42 82652 139639759651456 Got new message - {'entry': [{'id': '111856678437237',
            'messaging': [{'message': {'mid': 'm_ym0tn6uhOPy2Mwqa-RbMNqBAAsfvmOLuhonWr5yq3g_2wQjBEq6gzvQ93Skec9HqjN6zxND0xghu6KATh6jOmQ',
                                       'nlp': {'detected_locales': [{'confidence': 0.8847,
                                                                     'locale': 'sr_RS'}],
                                               'entities': {},
                                               'intents': [],
                                               'traits': {'wit$greetings': [{'confidence': 0.5962,
                                                                             'id': '5900cc2d-41b7-45b2-b21f-b950d3ae3c5c',
                                                                             'value': 'true'}]}},
                                       'text': 'Ово'},
                           'recipient': {'id': '111856678437237'},
                           'sender': {'id': '5730633197058200'},
                           'timestamp': 1680773158471}],
            'time': 1680773158769}],
 'object': 'page'}
